  [1m[36m (0.7ms)[0m  [1mDROP DATABASE IF EXISTS `backery_dev`[0m
  [1m[35m (0.2ms)[0m  CREATE DATABASE `backery_dev` DEFAULT CHARACTER SET `utf8` COLLATE `utf8_unicode_ci`
  [1m[36m (4.4ms)[0m  [1mCREATE TABLE `orders` (`id` int(11) auto_increment PRIMARY KEY, `kind` varchar(255), `flavour` varchar(255), `amount` int(11), `status` int(11), `done` tinyint(1), `amount_ready` int(11), `created_at` datetime, `updated_at` datetime) ENGINE=InnoDB[0m
  [1m[35m (3.1ms)[0m  CREATE TABLE `schema_migrations` (`version` varchar(255) NOT NULL) ENGINE=InnoDB
  [1m[36m (8.5ms)[0m  [1mCREATE UNIQUE INDEX `unique_schema_migrations`  ON `schema_migrations` (`version`) [0m
  [1m[35m (0.2ms)[0m  SELECT version FROM `schema_migrations`
  [1m[36m (0.4ms)[0m  [1mINSERT INTO `schema_migrations` (version) VALUES ('20160324094646')[0m
  [1m[35m (0.5ms)[0m  DROP DATABASE IF EXISTS `backery_test`
  [1m[36m (0.2ms)[0m  [1mCREATE DATABASE `backery_test` DEFAULT CHARACTER SET `utf8` COLLATE `utf8_unicode_ci`[0m
  [1m[35m (8.4ms)[0m  CREATE TABLE `orders` (`id` int(11) auto_increment PRIMARY KEY, `kind` varchar(255), `flavour` varchar(255), `amount` int(11), `status` int(11), `done` tinyint(1), `amount_ready` int(11), `created_at` datetime, `updated_at` datetime) ENGINE=InnoDB
  [1m[36m (3.5ms)[0m  [1mCREATE TABLE `schema_migrations` (`version` varchar(255) NOT NULL) ENGINE=InnoDB[0m
  [1m[35m (9.4ms)[0m  CREATE UNIQUE INDEX `unique_schema_migrations`  ON `schema_migrations` (`version`) 
  [1m[36m (0.2ms)[0m  [1mSELECT version FROM `schema_migrations`[0m
  [1m[35m (0.5ms)[0m  INSERT INTO `schema_migrations` (version) VALUES ('20160324094646')


Started GET "/" for 192.168.99.1 at 2016-03-24 10:25:11 +0000
  [1m[36mActiveRecord::SchemaMigration Load (0.3ms)[0m  [1mSELECT `schema_migrations`.* FROM `schema_migrations`[0m
Processing by RailsAdmin::MainController#dashboard as HTML
Filter chain halted as :_authorize! rendered or redirected
Completed 401 Unauthorized in 10ms (ActiveRecord: 0.0ms)


Started GET "/" for 192.168.99.1 at 2016-03-24 10:25:19 +0000
Processing by RailsAdmin::MainController#dashboard as HTML
  [1m[35m (0.5ms)[0m  SELECT COUNT(*) FROM `orders`
  [1m[36mOrder Load (0.5ms)[0m  [1mSELECT  `orders`.* FROM `orders`   ORDER BY orders.updated_at desc LIMIT 1[0m
  Rendered /usr/local/bundle/gems/rails_admin-0.6.5/app/views/rails_admin/main/dashboard.html.haml within layouts/rails_admin/application (9.3ms)
  Rendered /usr/local/bundle/gems/rails_admin-0.6.5/app/views/layouts/rails_admin/_secondary_navigation.html.haml (5.0ms)
  Rendered /usr/local/bundle/gems/rails_admin-0.6.5/app/views/layouts/rails_admin/_navigation.html.haml (8.4ms)
  Rendered /usr/local/bundle/gems/rails_admin-0.6.5/app/views/layouts/rails_admin/pjax.html.haml (3.8ms)
Completed 200 OK in 3046ms (Views: 2957.0ms | ActiveRecord: 2.1ms)


Started GET "/assets/rails_admin/rails_admin.css" for 192.168.99.1 at 2016-03-24 10:25:22 +0000


Started GET "/assets/rails_admin/rails_admin.js" for 192.168.99.1 at 2016-03-24 10:25:22 +0000


Started GET "/assets/fontawesome-webfont.woff?v=4.2.0" for 192.168.99.1 at 2016-03-24 10:25:22 +0000


Started GET "/" for 192.168.99.1 at 2016-03-24 10:25:25 +0000
Processing by RailsAdmin::MainController#dashboard as HTML
  [1m[35m (0.3ms)[0m  SELECT COUNT(*) FROM `orders`
  [1m[36mOrder Load (0.2ms)[0m  [1mSELECT  `orders`.* FROM `orders`   ORDER BY orders.updated_at desc LIMIT 1[0m
  Rendered /usr/local/bundle/gems/rails_admin-0.6.5/app/views/rails_admin/main/dashboard.html.haml within layouts/rails_admin/application (2.9ms)
  Rendered /usr/local/bundle/gems/rails_admin-0.6.5/app/views/layouts/rails_admin/_secondary_navigation.html.haml (0.6ms)
  Rendered /usr/local/bundle/gems/rails_admin-0.6.5/app/views/layouts/rails_admin/_navigation.html.haml (1.7ms)
  Rendered /usr/local/bundle/gems/rails_admin-0.6.5/app/views/layouts/rails_admin/pjax.html.haml (1.5ms)
Completed 200 OK in 20ms (Views: 16.9ms | ActiveRecord: 0.5ms)


Started GET "/assets/rails_admin/rails_admin.css" for 192.168.99.1 at 2016-03-24 10:25:25 +0000


Started GET "/assets/rails_admin/rails_admin.js" for 192.168.99.1 at 2016-03-24 10:25:25 +0000


Started GET "/assets/fontawesome-webfont.woff?v=4.2.0" for 192.168.99.1 at 2016-03-24 10:25:26 +0000


Started GET "/order?_pjax=%5Bdata-pjax-container%5D" for 192.168.99.1 at 2016-03-24 10:25:26 +0000
Processing by RailsAdmin::MainController#index as HTML
  Parameters: {"_pjax"=>"[data-pjax-container]", "model_name"=>"order"}
  [1m[35mOrder Load (0.4ms)[0m  SELECT  `orders`.* FROM `orders`   ORDER BY orders.id desc LIMIT 20 OFFSET 0
  [1m[36m (0.2ms)[0m  [1mSELECT COUNT(*) FROM `orders`[0m
  Rendered /usr/local/bundle/gems/rails_admin-0.6.5/app/views/rails_admin/main/index.html.haml within layouts/rails_admin/pjax (30.2ms)
Completed 200 OK in 47ms (Views: 36.0ms | ActiveRecord: 0.5ms)


Started GET "/order/new?_pjax=%5Bdata-pjax-container%5D" for 192.168.99.1 at 2016-03-24 10:25:28 +0000
Processing by RailsAdmin::MainController#new as HTML
  Parameters: {"_pjax"=>"[data-pjax-container]", "model_name"=>"order"}
  Rendered /usr/local/bundle/gems/rails_admin-0.6.5/app/views/rails_admin/main/_form_field.html.haml (3.2ms)
  Rendered /usr/local/bundle/gems/rails_admin-0.6.5/app/views/rails_admin/main/_form_field.html.haml (0.3ms)
  Rendered /usr/local/bundle/gems/rails_admin-0.6.5/app/views/rails_admin/main/_form_field.html.haml (2.1ms)
  Rendered /usr/local/bundle/gems/rails_admin-0.6.5/app/views/rails_admin/main/_form_field.html.haml (0.2ms)
  Rendered /usr/local/bundle/gems/rails_admin-0.6.5/app/views/rails_admin/main/_form_field.html.haml (3.7ms)
  Rendered /usr/local/bundle/gems/rails_admin-0.6.5/app/views/rails_admin/main/_form_field.html.haml (0.2ms)
  Rendered /usr/local/bundle/gems/rails_admin-0.6.5/app/views/rails_admin/main/_submit_buttons.html.haml (2.7ms)
  Rendered /usr/local/bundle/gems/rails_admin-0.6.5/app/views/rails_admin/main/new.html.haml within layouts/rails_admin/pjax (33.6ms)
Completed 200 OK in 45ms (Views: 41.0ms | ActiveRecord: 0.0ms)
